ile "<string>", line 9, in <module>
  File "/home/ubuntu/looper-math-platinum-8b/.venv/lib/python3.10/site-packages/transformers/models/auto/auto_factory.py", line 604, in from_pretrained
    return model_class.from_pretrained(
  File "/home/ubuntu/looper-math-platinum-8b/.venv/lib/python3.10/site-packages/transformers/modeling_utils.py", line 277, in _wrapper
    return func(*args, **kwargs)
  File "/home/ubuntu/looper-math-platinum-8b/.venv/lib/python3.10/site-packages/transformers/modeling_utils.py", line 5048, in from_pretrained
    ) = cls._load_pretrained_model(
  File "/home/ubuntu/looper-math-platinum-8b/.venv/lib/python3.10/site-packages/transformers/modeling_utils.py", line 5468, in _load_pretrained_model
    _error_msgs, disk_offload_index = load_shard_file(args)
  File "/home/ubuntu/looper-math-platinum-8b/.venv/lib/python3.10/site-packages/transformers/modeling_utils.py", line 831, in load_shard_file
    state_dict = load_state_dict(
  File "/home/ubuntu/looper-math-platinum-8b/.venv/lib/python3.10/site-packages/transformers/modeling_utils.py", line 508, in load_state_dict
    check_torch_load_is_safe()
  File "/home/ubuntu/looper-math-platinum-8b/.venv/lib/python3.10/site-packages/transformers/utils/import_utils.py", line 1647, in check_torch_load_is_safe
    raise ValueError(
ValueError: Due to a serious vulnerability issue in `torch.load`, even with `weights_only=True`, we now require users to upgrade torch to at least v2.6 in order to use the function. This version restriction does not apply when loading files with safetensors.
See the vulnerability report here https://nvd.nist.gov/vuln/detail/CVE-2025-32434
(.venv) ubuntu@192-222-54-90:~/looper-math-platinum-8b$ ls checkpoints/abel_sft_merged_fixed/*.json
# Should see: config.json, generation_config.json, tokenizer_config.json

python -c "from transformers import AutoConfig; print(AutoConfig.from_pretrained('checkpoints/abel_sft_merged_fixed').head_dim)"
# Should print: 128
ls: cannot access 'checkpoints/abel_sft_merged_fixed/*.json': No such file or directory
Traceback (most recent call last):
  File "/home/ubuntu/looper-math-platinum-8b/.venv/lib/python3.10/site-packages/huggingface_hub/utils/_http.py", line 402, in hf_raise_for_status
    response.raise_for_status()
  File "/home/ubuntu/looper-math-platinum-8b/.venv/lib/python3.10/site-packages/requests/models.py", line 1026, in raise_for_status
    raise HTTPError(http_error_msg, response=self)
requests.exceptions.HTTPError: 401 Client Error: Unauthorized for url: https://huggingface.co/checkpoints/abel_sft_merged_fixed/resolve/main/config.json

The above exception was the direct cause of the following exception:

Traceback (most recent call last):
  File "/home/ubuntu/looper-math-platinum-8b/.venv/lib/python3.10/site-packages/transformers/utils/hub.py", line 479, in cached_files
    hf_hub_download(
  File "/home/ubuntu/looper-math-platinum-8b/.venv/lib/python3.10/site-packages/huggingface_hub/utils/_validators.py", line 114, in _inner_fn
    return fn(*args, **kwargs)
  File "/home/ubuntu/looper-math-platinum-8b/.venv/lib/python3.10/site-packages/huggingface_hub/file_download.py", line 1007, in hf_hub_download
    return _hf_hub_download_to_cache_dir(
  File "/home/ubuntu/looper-math-platinum-8b/.venv/lib/python3.10/site-packages/huggingface_hub/file_download.py", line 1114, in _hf_hub_download_to_cache_dir
    _raise_on_head_call_error(head_call_error, force_download, local_files_only)
  File "/home/ubuntu/looper-math-platinum-8b/.venv/lib/python3.10/site-packages/huggingface_hub/file_download.py", line 1655, in _raise_on_head_call_error
    raise head_call_error
  File "/home/ubuntu/looper-math-platinum-8b/.venv/lib/python3.10/site-packages/huggingface_hub/file_download.py", line 1543, in _get_metadata_or_catch_error
    metadata = get_hf_file_metadata(
  File "/home/ubuntu/looper-math-platinum-8b/.venv/lib/python3.10/site-packages/huggingface_hub/utils/_validators.py", line 114, in _inner_fn
    return fn(*args, **kwargs)
  File "/home/ubuntu/looper-math-platinum-8b/.venv/lib/python3.10/site-packages/huggingface_hub/file_download.py", line 1460, in get_hf_file_metadata
    r = _request_wrapper(
  File "/home/ubuntu/looper-math-platinum-8b/.venv/lib/python3.10/site-packages/huggingface_hub/file_download.py", line 283, in _request_wrapper
    response = _request_wrapper(
  File "/home/ubuntu/looper-math-platinum-8b/.venv/lib/python3.10/site-packages/huggingface_hub/file_download.py", line 307, in _request_wrapper
    hf_raise_for_status(response)
  File "/home/ubuntu/looper-math-platinum-8b/.venv/lib/python3.10/site-packages/huggingface_hub/utils/_http.py", line 452, in hf_raise_for_status
    raise _format(RepositoryNotFoundError, message, response) from e
huggingface_hub.errors.RepositoryNotFoundError: 401 Client Error. (Request ID: Root=1-691d72b9-0e2b5893377cf52d26fa8b34;76688a1d-3fe1-4fc0-8826-ce864271837d)

Repository Not Found for url: https://huggingface.co/checkpoints/abel_sft_merged_fixed/resolve/main/config.json.
Please make sure you specified the correct `repo_id` and `repo_type`.
If you are trying to access a private or gated repo, make sure you are authenticated. For more details, see https://huggingface.co/docs/huggingface_hub/authentication
Invalid username or password.

The above exception was the direct cause of the following exception:

Traceback (most recent call last):
  File "<string>", line 1, in <module>
  File "/home/ubuntu/looper-math-platinum-8b/.venv/lib/python3.10/site-packages/transformers/models/auto/configuration_auto.py", line 1332, in from_pretrained
    config_dict, unused_kwargs = PretrainedConfig.get_config_dict(pretrained_model_name_or_path, **kwargs)
  File "/home/ubuntu/looper-math-platinum-8b/.venv/lib/python3.10/site-packages/transformers/configuration_utils.py", line 662, in get_config_dict
    config_dict, kwargs = cls._get_config_dict(pretrained_model_name_or_path, **kwargs)
  File "/home/ubuntu/looper-math-platinum-8b/.venv/lib/python3.10/site-packages/transformers/configuration_utils.py", line 721, in _get_config_dict
    resolved_config_file = cached_file(
  File "/home/ubuntu/looper-math-platinum-8b/.venv/lib/python3.10/site-packages/transformers/utils/hub.py", line 322, in cached_file
    file = cached_files(path_or_repo_id=path_or_repo_id, filenames=[filename], **kwargs)
  File "/home/ubuntu/looper-math-platinum-8b/.venv/lib/python3.10/site-packages/transformers/utils/hub.py", line 511, in cached_files
    raise OSError(
OSError: checkpoints/abel_sft_merged_fixed is not a local folder and is not a valid model identifier listed on 'https://huggingface.co/models'
If this is a private repository, make sure to pass a token having permission to this repo either by logging in with `hf auth login` or by passing `token=<your_token>`
(.venv) ubuntu@192-222-54-90:~/looper-math-platinum-8b$