   dataset_module = dataset_module_factory(
  File "/home/ubuntu/looper-math-platinum-8b/.venv/lib/python3.10/site-packages/datasets/load.py", line 913, in dataset_module_factory
    ).get_module()
  File "/home/ubuntu/looper-math-platinum-8b/.venv/lib/python3.10/site-packages/datasets/load.py", line 527, in get_module
    data_files = DataFilesDict.from_patterns(
  File "/home/ubuntu/looper-math-platinum-8b/.venv/lib/python3.10/site-packages/datasets/data_files.py", line 705, in from_patterns
    else DataFilesList.from_patterns(
  File "/home/ubuntu/looper-math-platinum-8b/.venv/lib/python3.10/site-packages/datasets/data_files.py", line 598, in from_patterns
    resolve_pattern(
  File "/home/ubuntu/looper-math-platinum-8b/.venv/lib/python3.10/site-packages/datasets/data_files.py", line 387, in resolve_pattern
    raise FileNotFoundError(error_msg)
FileNotFoundError: Unable to find '/home/ubuntu/looper-math-platinum-8b/data/gsm8k_train.jsonl'
Traceback (most recent call last):
  File "/home/ubuntu/looper-math-platinum-8b/src/baseline_sft/train_sft_abel.py", line 146, in <module>
    main()
  File "/home/ubuntu/looper-math-platinum-8b/src/baseline_sft/train_sft_abel.py", line 61, in main
    dataset = load_dataset(
  File "/home/ubuntu/looper-math-platinum-8b/.venv/lib/python3.10/site-packages/datasets/load.py", line 1397, in load_dataset
    builder_instance = load_dataset_builder(
  File "/home/ubuntu/looper-math-platinum-8b/.venv/lib/python3.10/site-packages/datasets/load.py", line 1137, in load_dataset_builder
    dataset_module = dataset_module_factory(
  File "/home/ubuntu/looper-math-platinum-8b/.venv/lib/python3.10/site-packages/datasets/load.py", line 913, in dataset_module_factory
    ).get_module()
  File "/home/ubuntu/looper-math-platinum-8b/.venv/lib/python3.10/site-packages/datasets/load.py", line 527, in get_module
    data_files = DataFilesDict.from_patterns(
  File "/home/ubuntu/looper-math-platinum-8b/.venv/lib/python3.10/site-packages/datasets/data_files.py", line 705, in from_patterns
    else DataFilesList.from_patterns(
  File "/home/ubuntu/looper-math-platinum-8b/.venv/lib/python3.10/site-packages/datasets/data_files.py", line 598, in from_patterns
    resolve_pattern(
  File "/home/ubuntu/looper-math-platinum-8b/.venv/lib/python3.10/site-packages/datasets/data_files.py", line 387, in resolve_pattern
    raise FileNotFoundError(error_msg)
FileNotFoundError: Unable to find '/home/ubuntu/looper-math-platinum-8b/data/gsm8k_train.jsonl'
Traceback (most recent call last):
  File "/home/ubuntu/looper-math-platinum-8b/src/baseline_sft/train_sft_abel.py", line 146, in <module>
    main()
  File "/home/ubuntu/looper-math-platinum-8b/src/baseline_sft/train_sft_abel.py", line 61, in main
    dataset = load_dataset(
  File "/home/ubuntu/looper-math-platinum-8b/.venv/lib/python3.10/site-packages/datasets/load.py", line 1397, in load_dataset
    builder_instance = load_dataset_builder(
  File "/home/ubuntu/looper-math-platinum-8b/.venv/lib/python3.10/site-packages/datasets/load.py", line 1137, in load_dataset_builder
    dataset_module = dataset_module_factory(
  File "/home/ubuntu/looper-math-platinum-8b/.venv/lib/python3.10/site-packages/datasets/load.py", line 913, in dataset_module_factory
    ).get_module()
  File "/home/ubuntu/looper-math-platinum-8b/.venv/lib/python3.10/site-packages/datasets/load.py", line 527, in get_module
    data_files = DataFilesDict.from_patterns(
  File "/home/ubuntu/looper-math-platinum-8b/.venv/lib/python3.10/site-packages/datasets/data_files.py", line 705, in from_patterns
    else DataFilesList.from_patterns(
  File "/home/ubuntu/looper-math-platinum-8b/.venv/lib/python3.10/site-packages/datasets/data_files.py", line 598, in from_patterns
    resolve_pattern(
  File "/home/ubuntu/looper-math-platinum-8b/.venv/lib/python3.10/site-packages/datasets/data_files.py", line 387, in resolve_pattern
    raise FileNotFoundError(error_msg)
FileNotFoundError: Unable to find '/home/ubuntu/looper-math-platinum-8b/data/gsm8k_train.jsonl'
Traceback (most recent call last):
  File "/home/ubuntu/looper-math-platinum-8b/src/baseline_sft/train_sft_abel.py", line 146, in <module>
    main()
  File "/home/ubuntu/looper-math-platinum-8b/src/baseline_sft/train_sft_abel.py", line 61, in main
    dataset = load_dataset(
  File "/home/ubuntu/looper-math-platinum-8b/.venv/lib/python3.10/site-packages/datasets/load.py", line 1397, in load_dataset
    builder_instance = load_dataset_builder(
  File "/home/ubuntu/looper-math-platinum-8b/.venv/lib/python3.10/site-packages/datasets/load.py", line 1137, in load_dataset_builder
    dataset_module = dataset_module_factory(
  File "/home/ubuntu/looper-math-platinum-8b/.venv/lib/python3.10/site-packages/datasets/load.py", line 913, in dataset_module_factory
    ).get_module()
  File "/home/ubuntu/looper-math-platinum-8b/.venv/lib/python3.10/site-packages/datasets/load.py", line 527, in get_module
    data_files = DataFilesDict.from_patterns(
  File "/home/ubuntu/looper-math-platinum-8b/.venv/lib/python3.10/site-packages/datasets/data_files.py", line 705, in from_patterns
    else DataFilesList.from_patterns(
  File "/home/ubuntu/looper-math-platinum-8b/.venv/lib/python3.10/site-packages/datasets/data_files.py", line 598, in from_patterns
    resolve_pattern(
  File "/home/ubuntu/looper-math-platinum-8b/.venv/lib/python3.10/site-packages/datasets/data_files.py", line 387, in resolve_pattern
    raise FileNotFoundError(error_msg)
FileNotFoundError: Unable to find '/home/ubuntu/looper-math-platinum-8b/data/gsm8k_train.jsonl'
Traceback (most recent call last):
  File "/home/ubuntu/looper-math-platinum-8b/src/baseline_sft/train_sft_abel.py", line 146, in <module>
    main()
  File "/home/ubuntu/looper-math-platinum-8b/src/baseline_sft/train_sft_abel.py", line 61, in main
    dataset = load_dataset(
  File "/home/ubuntu/looper-math-platinum-8b/.venv/lib/python3.10/site-packages/datasets/load.py", line 1397, in load_dataset
    builder_instance = load_dataset_builder(
  File "/home/ubuntu/looper-math-platinum-8b/.venv/lib/python3.10/site-packages/datasets/load.py", line 1137, in load_dataset_builder
    dataset_module = dataset_module_factory(
  File "/home/ubuntu/looper-math-platinum-8b/.venv/lib/python3.10/site-packages/datasets/load.py", line 913, in dataset_module_factory
    ).get_module()
  File "/home/ubuntu/looper-math-platinum-8b/.venv/lib/python3.10/site-packages/datasets/load.py", line 527, in get_module
    data_files = DataFilesDict.from_patterns(
  File "/home/ubuntu/looper-math-platinum-8b/.venv/lib/python3.10/site-packages/datasets/data_files.py", line 705, in from_patterns
    else DataFilesList.from_patterns(
  File "/home/ubuntu/looper-math-platinum-8b/.venv/lib/python3.10/site-packages/datasets/data_files.py", line 598, in from_patterns
    resolve_pattern(
  File "/home/ubuntu/looper-math-platinum-8b/.venv/lib/python3.10/site-packages/datasets/data_files.py", line 387, in resolve_pattern
    raise FileNotFoundError(error_msg)
FileNotFoundError: Unable to find '/home/ubuntu/looper-math-platinum-8b/data/gsm8k_train.jsonl'
Traceback (most recent call last):
  File "/home/ubuntu/looper-math-platinum-8b/src/baseline_sft/train_sft_abel.py", line 146, in <module>
    main()
  File "/home/ubuntu/looper-math-platinum-8b/src/baseline_sft/train_sft_abel.py", line 61, in main
    dataset = load_dataset(
  File "/home/ubuntu/looper-math-platinum-8b/.venv/lib/python3.10/site-packages/datasets/load.py", line 1397, in load_dataset
    builder_instance = load_dataset_builder(
  File "/home/ubuntu/looper-math-platinum-8b/.venv/lib/python3.10/site-packages/datasets/load.py", line 1137, in load_dataset_builder
    dataset_module = dataset_module_factory(
  File "/home/ubuntu/looper-math-platinum-8b/.venv/lib/python3.10/site-packages/datasets/load.py", line 913, in dataset_module_factory
    ).get_module()
  File "/home/ubuntu/looper-math-platinum-8b/.venv/lib/python3.10/site-packages/datasets/load.py", line 527, in get_module
    data_files = DataFilesDict.from_patterns(
  File "/home/ubuntu/looper-math-platinum-8b/.venv/lib/python3.10/site-packages/datasets/data_files.py", line 705, in from_patterns
    else DataFilesList.from_patterns(
  File "/home/ubuntu/looper-math-platinum-8b/.venv/lib/python3.10/site-packages/datasets/data_files.py", line 598, in from_patterns
    resolve_pattern(
  File "/home/ubuntu/looper-math-platinum-8b/.venv/lib/python3.10/site-packages/datasets/data_files.py", line 387, in resolve_pattern
    raise FileNotFoundError(error_msg)
FileNotFoundError: Unable to find '/home/ubuntu/looper-math-platinum-8b/data/gsm8k_train.jsonl'
Traceback (most recent call last):
  File "/home/ubuntu/looper-math-platinum-8b/src/baseline_sft/train_sft_abel.py", line 146, in <module>
    main()
  File "/home/ubuntu/looper-math-platinum-8b/src/baseline_sft/train_sft_abel.py", line 61, in main
    dataset = load_dataset(
  File "/home/ubuntu/looper-math-platinum-8b/.venv/lib/python3.10/site-packages/datasets/load.py", line 1397, in load_dataset
    builder_instance = load_dataset_builder(
  File "/home/ubuntu/looper-math-platinum-8b/.venv/lib/python3.10/site-packages/datasets/load.py", line 1137, in load_dataset_builder
    dataset_module = dataset_module_factory(
  File "/home/ubuntu/looper-math-platinum-8b/.venv/lib/python3.10/site-packages/datasets/load.py", line 913, in dataset_module_factory
    ).get_module()
  File "/home/ubuntu/looper-math-platinum-8b/.venv/lib/python3.10/site-packages/datasets/load.py", line 527, in get_module
    data_files = DataFilesDict.from_patterns(
  File "/home/ubuntu/looper-math-platinum-8b/.venv/lib/python3.10/site-packages/datasets/data_files.py", line 705, in from_patterns
    else DataFilesList.from_patterns(
  File "/home/ubuntu/looper-math-platinum-8b/.venv/lib/python3.10/site-packages/datasets/data_files.py", line 598, in from_patterns
    resolve_pattern(
  File "/home/ubuntu/looper-math-platinum-8b/.venv/lib/python3.10/site-packages/datasets/data_files.py", line 387, in resolve_pattern
    raise FileNotFoundError(error_msg)
FileNotFoundError: Unable to find '/home/ubuntu/looper-math-platinum-8b/data/gsm8k_train.jsonl'
W1119 04:37:29.737000 17064 torch/distributed/elastic/multiprocessing/api.py:908] Sending process 17163 closing signal SIGTERM
W1119 04:37:29.737000 17064 torch/distributed/elastic/multiprocessing/api.py:908] Sending process 17164 closing signal SIGTERM
W1119 04:37:29.738000 17064 torch/distributed/elastic/multiprocessing/api.py:908] Sending process 17165 closing signal SIGTERM
W1119 04:37:29.738000 17064 torch/distributed/elastic/multiprocessing/api.py:908] Sending process 17166 closing signal SIGTERM
W1119 04:37:29.738000 17064 torch/distributed/elastic/multiprocessing/api.py:908] Sending process 17168 closing signal SIGTERM
W1119 04:37:29.738000 17064 torch/distributed/elastic/multiprocessing/api.py:908] Sending process 17170 closing signal SIGTERM
E1119 04:37:29.770000 17064 torch/distributed/elastic/multiprocessing/api.py:882] failed (exitcode: 1) local_rank: 4 (pid: 17167) of binary: /home/ubuntu/looper-math-platinum-8b/.venv/bin/python3
Traceback (most recent call last):
  File "/home/ubuntu/looper-math-platinum-8b/.venv/bin/accelerate", line 7, in <module>
    sys.exit(main())
  File "/home/ubuntu/looper-math-platinum-8b/.venv/lib/python3.10/site-packages/accelerate/commands/accelerate_cli.py", line 50, in main
    args.func(args)
  File "/home/ubuntu/looper-math-platinum-8b/.venv/lib/python3.10/site-packages/accelerate/commands/launch.py", line 1226, in launch_command
    multi_gpu_launcher(args)
  File "/home/ubuntu/looper-math-platinum-8b/.venv/lib/python3.10/site-packages/accelerate/commands/launch.py", line 853, in multi_gpu_launcher
    distrib_run.run(args)
  File "/home/ubuntu/looper-math-platinum-8b/.venv/lib/python3.10/site-packages/torch/distributed/run.py", line 927, in run
    elastic_launch(
  File "/home/ubuntu/looper-math-platinum-8b/.venv/lib/python3.10/site-packages/torch/distributed/launcher/api.py", line 156, in __call__
    return launch_agent(self._config, self._entrypoint, list(args))
  File "/home/ubuntu/looper-math-platinum-8b/.venv/lib/python3.10/site-packages/torch/distributed/launcher/api.py", line 293, in launch_agent
    raise ChildFailedError(
torch.distributed.elastic.multiprocessing.errors.ChildFailedError:
============================================================
src/baseline_sft/train_sft_abel.py FAILED
------------------------------------------------------------
Failures:
[1]:
  time      : 2025-11-19_04:37:29
  host      : 192-222-54-90
  rank      : 6 (local_rank: 6)
  exitcode  : 1 (pid: 17169)
  error_file: <N/A>
  traceback : To enable traceback see: https://pytorch.org/docs/stable/elastic/errors.html
------------------------------------------------------------
Root Cause (first observed failure):
[0]:
  time      : 2025-11-19_04:37:29
  host      : 192-222-54-90
  rank      : 4 (local_rank: 4)
  exitcode  : 1 (pid: 17167)
  error_file: <N/A>
  traceback : To enable traceback see: https://pytorch.org/docs/stable/elastic/errors.html
============================================================
(.venv) ubuntu@192-222-54-90:~/looper-math-platinum-8b$